2017-12-20 15:39:42.481057
Iteration:0, timeTaken:10.2
Iteration:1, timeTaken:35.8
Iteration:2, timeTaken:60.0
Iteration:3, timeTaken:60.4
Iteration:4, timeTaken:20.4
Iteration:5, timeTaken:46.0
Iteration:6, timeTaken:60.6
Iteration:7, timeTaken:5.2
Iteration:8, timeTaken:35.8
Iteration:9, timeTaken:60.2
2017-12-20 15:51:44.649775
Iteration:0, timeTaken:20.4source:0
2017-12-20 15:55:49.970757
Iteration:0, timeTaken:10.2 Source:S1
Iteration:1, timeTaken:1.6 Source:S2
2017-12-20 16:01:59.686262
Iteration:0, timeTaken:5.2 Source:S1
Iteration:1, timeTaken:1.6 Source:S2
Iteration:2, timeTaken:5.2 Source:S1
Iteration:3, timeTaken:1.6 Source:S2
Iteration:4, timeTaken:10.2 Source:S1
Iteration:5, timeTaken:1.6 Source:S2
2017-12-20 16:15:57.662241
Iteration:0, timeTaken:1.6 Source:S1
Iteration:1, timeTaken:1.6 Source:S2
Iteration:2, timeTaken:1.6 Source:S1
Iteration:3, timeTaken:1.6 Source:S2
Iteration:4, timeTaken:1.6 Source:S1
Iteration:5, timeTaken:1.6 Source:S2
Iteration:6, timeTaken:1.6 Source:S1
Iteration:7, timeTaken:1.6 Source:S2
Iteration:8, timeTaken:5.2 Source:S1
2017-12-20 16:29:38.750645
Iteration:0, timeTaken:10.2 Source:S1
Iteration:1, timeTaken:10.2 Source:S2
Iteration:2, timeTaken:10.2 Source:S1
Iteration:3, timeTaken:10.2 Source:S2
<<<<BEST DATA FOR NO LOAD>>>>
2017-12-20 16:37:16.545053
Iteration:0, timeTaken:5.2 Source:S1
Iteration:1, timeTaken:5.2 Source:S2
Iteration:2, timeTaken:5.2 Source:S1
Iteration:3, timeTaken:5.2 Source:S2
Iteration:4, timeTaken:5.2 Source:S1
Iteration:5, timeTaken:45.4 Source:S2
Iteration:6, timeTaken:5.2 Source:S1
Iteration:7, timeTaken:5.2 Source:S2
Iteration:8, timeTaken:10.2 Source:S1
Iteration:9, timeTaken:10.4 Source:S2
<< NO LOAD CHANGED RYU HARD/SOFT TIMEOUT TO 1. Attack > 120 sec means not detected>>
2017-12-20 17:32:30.902456
Iteration:0, timeTaken:6.6 Source:S1
Iteration:1, timeTaken:42.6 Source:S2
Iteration:2, timeTaken:5.6 Source:S1
Iteration:3, timeTaken:4.6 Source:S2
Iteration:4, timeTaken:53.8 Source:S1
Iteration:5, timeTaken:47.2 Source:S2
Iteration:6, timeTaken:3.4 Source:S1
Iteration:7, timeTaken:3.6 Source:S2
Iteration:8, timeTaken:5.6 Source:S1
Iteration:9, timeTaken:5.6 Source:S2
Iteration:10, timeTaken:5.6 Source:S1
Iteration:11, timeTaken:5.6 Source:S2
Iteration:12, timeTaken:100.8 Source:S1
Iteration:13, timeTaken:60.6 Source:S2
Iteration:14, timeTaken:5.6 Source:S1
Iteration:15, timeTaken:6.6 Source:S2
Iteration:16, timeTaken:6.8 Source:S1
Iteration:17, timeTaken:7.6 Source:S2
Iteration:18, timeTaken:3.6 Source:S1
Iteration:19, timeTaken:4.6 Source:S2
Iteration:20, timeTaken:96.2 Source:S1
Iteration:21, timeTaken:80.2 Source:S2
Iteration:22, timeTaken:38.8 Source:S1
Iteration:23, timeTaken:2.4 Source:S2
Iteration:24, timeTaken:115.2 Source:S1
Iteration:25, timeTaken:5.6 Source:S2
Iteration:26, timeTaken:52.8 Source:S1
Iteration:27, timeTaken:75.4 Source:S2
Iteration:28, timeTaken:6.8 Source:S1
Iteration:29, timeTaken:2.4 Source:S2
Iteration:30, timeTaken:111.8 Source:S1
Iteration:31, timeTaken:6.6 Source:S2
Iteration:32, timeTaken:59.8 Source:S1
Iteration:33, timeTaken:86.6 Source:S2
Iteration:34, timeTaken:49.6 Source:S1
Iteration:35, timeTaken:4.6 Source:S2
Iteration:36, timeTaken:6.6 Source:S1
Iteration:37, timeTaken:2.4 Source:S2
Iteration:38, timeTaken:4.4 Source:S1
Iteration:39, timeTaken:2.4 Source:S2
Iteration:40, timeTaken:5.6 Source:S1
Iteration:41, timeTaken:3.6 Source:S2
Iteration:42, timeTaken:6.8 Source:S1
Iteration:43, timeTaken:98.6 Source:S2
Iteration:44, timeTaken:7.8 Source:S1
Iteration:45, timeTaken:5.6 Source:S2
Iteration:46, timeTaken:30.2 Source:S1
Iteration:47, timeTaken:6.6 Source:S2
Iteration:48, timeTaken:38.2 Source:S1
Iteration:49, timeTaken:2.4 Source:S2
Iteration:50, timeTaken:6.6 Source:S1
Iteration:51, timeTaken:51.8 Source:S2
Iteration:52, timeTaken:2.4 Source:S1
Iteration:53, timeTaken:6.8 Source:S2
Iteration:54, timeTaken:5.6 Source:S1
Iteration:55, timeTaken:4.6 Source:S2
Iteration:56, timeTaken:3.4 Source:S1
Iteration:57, timeTaken:50.6 Source:S2
Iteration:58, timeTaken:7.8 Source:S1
Iteration:59, timeTaken:6.6 Source:S2
Iteration:60, timeTaken:53.8 Source:S1
Iteration:61, timeTaken:54.6 Source:S2
Iteration:62, timeTaken:5.6 Source:S1
Iteration:63, timeTaken:5.8 Source:S2
Iteration:64, timeTaken:5.6 Source:S1
Iteration:65, timeTaken:4.6 Source:S2
2017-12-20 22:16:30.073255
Iteration:0, timeTaken:6.8 Source:S1
Iteration:1, timeTaken:6.8 Source:S2
Iteration:2, timeTaken:7.8 Source:S1
Iteration:3, timeTaken:34.0 Source:S2
Iteration:4, timeTaken:3.6 Source:S1
Iteration:5, timeTaken:98.6 Source:S2
Iteration:6, timeTaken:4.4 Source:S1
Iteration:7, timeTaken:4.4 Source:S2
Iteration:8, timeTaken:6.6 Source:S1
Iteration:9, timeTaken:6.8 Source:S2
Iteration:10, timeTaken:3.4 Source:S1
Iteration:11, timeTaken:5.8 Source:S2
Iteration:12, timeTaken:117.4 Source:S1
Iteration:13, timeTaken:88.4 Source:S2
Iteration:14, timeTaken:97.6 Source:S1
Iteration:15, timeTaken:6.8 Source:S2
Iteration:16, timeTaken:3.6 Source:S1
<< BALANCED LOAD CHANGED RYU HARD/SOFT TIMEOUT TO 1. Attack > 120 sec means not detected>>
2017-12-20 23:49:08.997418
Iteration:0, timeTaken:2.6 Source:S1
Iteration:1, timeTaken:40.6 Source:S2
Iteration:2, timeTaken:6.8 Source:S1
Iteration:3, timeTaken:8.0 Source:S2
Iteration:4, timeTaken:2.4 Source:S1
Iteration:5, timeTaken:4.6 Source:S2
Iteration:6, timeTaken:4.8 Source:S1
Iteration:7, timeTaken:8.2 Source:S2
Iteration:8, timeTaken:77.2 Source:S1
Iteration:9, timeTaken:6.0 Source:S2
Iteration:10, timeTaken:8.2 Source:S1
Iteration:11, timeTaken:85.4 Source:S2
Iteration:12, timeTaken:4.8 Source:S1
Iteration:13, timeTaken:95.6 Source:S2
Iteration:14, timeTaken:80.6 Source:S1
Iteration:15, timeTaken:2.4 Source:S2
Iteration:16, timeTaken:4.8 Source:S1
Iteration:17, timeTaken:4.8 Source:S2
Iteration:18, timeTaken:32.2 Source:S1
Iteration:19, timeTaken:89.2 Source:S2
Iteration:20, timeTaken:6.0 Source:S1
2017-12-21 12:01:29.703855
Iteration:0, timeTaken:4.8 Source:S1
Iteration:1, timeTaken:5.8 Source:S2
Iteration:2, timeTaken:5.8 Source:S1
Iteration:3, timeTaken:3.6 Source:S2
Iteration:4, timeTaken:7.8 Source:S1
Iteration:5, timeTaken:5.6 Source:S2
Iteration:6, timeTaken:4.6 Source:S1
Iteration:7, timeTaken:3.4 Source:S2
Iteration:8, timeTaken:6.0 Source:S1
Iteration:9, timeTaken:5.6 Source:S2
Iteration:10, timeTaken:3.4 Source:S1
Iteration:11, timeTaken:3.6 Source:S2
Iteration:12, timeTaken:120.2 Source:S1
Iteration:13, timeTaken:7.2 Source:S2
Iteration:14, timeTaken:33.2 Source:S1
Iteration:15, timeTaken:4.8 Source:S2
Iteration:16, timeTaken:3.6 Source:S1
Iteration:17, timeTaken:6.0 Source:S2
Iteration:18, timeTaken:44.4 Source:S1
Iteration:19, timeTaken:78.8 Source:S2
Iteration:20, timeTaken:3.4 Source:S1
Iteration:21, timeTaken:4.8 Source:S2
Iteration:22, timeTaken:6.8 Source:S1
Iteration:23, timeTaken:2.4 Source:S2
Iteration:24, timeTaken:3.4 Source:S1
Iteration:25, timeTaken:103.2 Source:S2
Iteration:26, timeTaken:83.6 Source:S1
Iteration:27, timeTaken:28.8 Source:S2
Iteration:28, timeTaken:8.0 Source:S1
Iteration:29, timeTaken:56.4 Source:S2
Iteration:30, timeTaken:5.6 Source:S1
Iteration:31, timeTaken:106.8 Source:S2
Iteration:32, timeTaken:5.8 Source:S1
Iteration:33, timeTaken:5.6 Source:S2
Iteration:34, timeTaken:6.8 Source:S1
Iteration:35, timeTaken:4.6 Source:S2
Iteration:36, timeTaken:87.4 Source:S1
Iteration:37, timeTaken:45.2 Source:S2
Iteration:38, timeTaken:6.8 Source:S1
Iteration:39, timeTaken:3.6 Source:S2
Iteration:40, timeTaken:68.2 Source:S1
Iteration:41, timeTaken:7.0 Source:S2
Iteration:42, timeTaken:3.4 Source:S1
Iteration:43, timeTaken:4.6 Source:S2
Iteration:44, timeTaken:46.6 Source:S1
Iteration:45, timeTaken:3.6 Source:S2
Iteration:46, timeTaken:5.6 Source:S1
Iteration:47, timeTaken:7.0 Source:S2
Iteration:48, timeTaken:3.4 Source:S1
Iteration:49, timeTaken:5.8 Source:S2
Iteration:50, timeTaken:5.8 Source:S1
Iteration:51, timeTaken:5.8 Source:S2
Iteration:52, timeTaken:7.8 Source:S1
Iteration:53, timeTaken:3.4 Source:S2
Iteration:54, timeTaken:4.6 Source:S1
Iteration:55, timeTaken:7.2 Source:S2
Iteration:56, timeTaken:7.0 Source:S1
Iteration:57, timeTaken:2.4 Source:S2
Iteration:58, timeTaken:3.6 Source:S1
Iteration:59, timeTaken:6.8 Source:S2
Iteration:60, timeTaken:53.6 Source:S1
Iteration:61, timeTaken:6.8 Source:S2
Iteration:62, timeTaken:83.6 Source:S1
Iteration:63, timeTaken:83.4 Source:S2
Iteration:64, timeTaken:6.0 Source:S1
Iteration:65, timeTaken:6.8 Source:S2
Iteration:66, timeTaken:89.6 Source:S1
Iteration:67, timeTaken:4.6 Source:S2
Iteration:68, timeTaken:3.6 Source:S1
Iteration:69, timeTaken:6.8 Source:S2
Iteration:70, timeTaken:4.8 Source:S1
Iteration:71, timeTaken:8.4 Source:S2
Iteration:72, timeTaken:4.6 Source:S1
Iteration:73, timeTaken:5.6 Source:S2
Iteration:74, timeTaken:6.0 Source:S1
Iteration:75, timeTaken:7.8 Source:S2
Iteration:76, timeTaken:3.4 Source:S1
Iteration:77, timeTaken:4.8 Source:S2
Iteration:78, timeTaken:4.6 Source:S1
Iteration:79, timeTaken:2.4 Source:S2
Iteration:80, timeTaken:7.2 Source:S1
Iteration:81, timeTaken:66.2 Source:S2
Iteration:82, timeTaken:104.8 Source:S1

<< NO LOAD BALANCED CHANGED RYU HARD/SOFT TIMEOUT TO 1. Attack > 120 sec means not detected>>
2017-12-21 17:48:14.071983
Iteration:0, timeTaken:107.6 Source:S1
Iteration:1, timeTaken:2.4 Source:S2
2017-12-21 18:09:49.728779
Iteration:0, timeTaken:8.0 Source:S1
Iteration:1, timeTaken:7.0 Source:S2
Iteration:2, timeTaken:3.6 Source:S1
Iteration:3, timeTaken:64.2 Source:S2
Iteration:4, timeTaken:4.8 Source:S1
Iteration:5, timeTaken:8.4 Source:S2
Iteration:6, timeTaken:76.0 Source:S1
Iteration:7, timeTaken:68.6 Source:S2
Iteration:8, timeTaken:4.6 Source:S1
Iteration:9, timeTaken:7.2 Source:S2
Iteration:10, timeTaken:98.0 Source:S1
Iteration:11, timeTaken:4.6 Source:S2
Iteration:12, timeTaken:9.0 Source:S1
Iteration:13, timeTaken:5.6 Source:S2
Iteration:14, timeTaken:4.6 Source:S1
Iteration:15, timeTaken:105.2 Source:S2
Iteration:16, timeTaken:4.6 Source:S1
Iteration:17, timeTaken:100.8 Source:S2
Iteration:18, timeTaken:112.2 Source:S1
Iteration:19, timeTaken:3.6 Source:S2
Iteration:20, timeTaken:111.8 Source:S1
Iteration:21, timeTaken:89.8 Source:S2
Iteration:22, timeTaken:8.2 Source:S1
Iteration:23, timeTaken:2.4 Source:S2
Iteration:24, timeTaken:5.8 Source:S1
Iteration:25, timeTaken:39.0 Source:S2
Iteration:26, timeTaken:5.8 Source:S1
Iteration:27, timeTaken:7.0 Source:S2
Iteration:28, timeTaken:3.6 Source:S1
Iteration:29, timeTaken:5.8 Source:S2
Iteration:30, timeTaken:7.0 Source:S1

2017-12-21 21:59:52.859454
Iteration:0, timeTaken:53.2 Source:S1
Iteration:1, timeTaken:10.6 Source:S2
Iteration:2, timeTaken:8.6 Source:S1
Iteration:3, timeTaken:5.2 Source:S2
Iteration:4, timeTaken:6.0 Source:S1
Iteration:5, timeTaken:6.0 Source:S2
Iteration:6, timeTaken:14.4 Source:S1
Iteration:7, timeTaken:2.4 Source:S2
Iteration:8, timeTaken:2.4 Source:S1
Iteration:9, timeTaken:2.4 Source:S2
Iteration:10, timeTaken:7.2 Source:S1
Iteration:11, timeTaken:99.4 Source:S2
Iteration:12, timeTaken:95.0 Source:S1
Iteration:13, timeTaken:117.6 Source:S2
Iteration:14, timeTaken:3.4 Source:S1
2017-12-21 23:02:58.635445
Iteration:0, timeTaken:10.0 Source:S1
Iteration:1, timeTaken:4.8 Source:S2
Iteration:2, timeTaken:4.8 Source:S1
Iteration:3, timeTaken:3.6 Source:S2
Iteration:4, timeTaken:6.0 Source:S1
Iteration:5, timeTaken:3.6 Source:S2
Iteration:6, timeTaken:4.0 Source:S1
Iteration:7, timeTaken:8.0 Source:S2
Iteration:8, timeTaken:2.4 Source:S1
Iteration:9, timeTaken:5.8 Source:S2
Iteration:10, timeTaken:9.6 Source:S1
Iteration:11, timeTaken:3.4 Source:S2
Iteration:12, timeTaken:71.6 Source:S1
Iteration:13, timeTaken:6.8 Source:S2
Iteration:14, timeTaken:10.2 Source:S1
Iteration:15, timeTaken:6.8 Source:S2
Iteration:16, timeTaken:3.4 Source:S1
Iteration:17, timeTaken:81.2 Source:S2
Iteration:18, timeTaken:53.8 Source:S1
Iteration:19, timeTaken:7.2 Source:S2
Iteration:20, timeTaken:5.8 Source:S1
Iteration:21, timeTaken:4.8 Source:S2
Iteration:22, timeTaken:3.6 Source:S1
Iteration:23, timeTaken:6.0 Source:S2
Iteration:24, timeTaken:7.2 Source:S1
Iteration:25, timeTaken:2.4 Source:S2
Iteration:26, timeTaken:6.0 Source:S1
Iteration:27, timeTaken:66.6 Source:S2
Iteration:28, timeTaken:4.8 Source:S1
Iteration:29, timeTaken:9.6 Source:S2
Iteration:30, timeTaken:4.6 Source:S1
Iteration:31, timeTaken:9.6 Source:S2
Iteration:32, timeTaken:43.0 Source:S1
Iteration:33, timeTaken:45.8 Source:S2
Iteration:34, timeTaken:6.0 Source:S1
Iteration:35, timeTaken:7.2 Source:S2
Iteration:36, timeTaken:9.4 Source:S1
Iteration:37, timeTaken:3.6 Source:S2
Iteration:38, timeTaken:5.8 Source:S1
Iteration:39, timeTaken:39.8 Source:S2
Iteration:40, timeTaken:4.8 Source:S1
Iteration:41, timeTaken:107.0 Source:S2
Iteration:42, timeTaken:6.0 Source:S1
Iteration:43, timeTaken:2.4 Source:S2
Iteration:44, timeTaken:9.4 Source:S1
Iteration:45, timeTaken:10.6 Source:S2

2017-12-22 15:29:29.027314
Iteration:0, timeTaken:18.6 Source:S1
Iteration:1, timeTaken:8.2 Source:S2
Iteration:2, timeTaken:3.6 Source:S1
Iteration:3, timeTaken:6.6 Source:S2
Iteration:4, timeTaken:3.6 Source:S1
Iteration:5, timeTaken:7.2 Source:S2
Iteration:6, timeTaken:3.6 Source:S1
Iteration:7, timeTaken:7.4 Source:S2
2017-12-22 16:01:59.185939
Iteration:0, timeTaken:8.0 Source:S1
Iteration:1, timeTaken:3.4 Source:S2
Iteration:2, timeTaken:3.6 Source:S1
Iteration:3, timeTaken:4.6 Source:S2
Iteration:4, timeTaken:4.6 Source:S1
Iteration:5, timeTaken:5.8 Source:S2
Iteration:6, timeTaken:4.8 Source:S1
Iteration:7, timeTaken:3.6 Source:S2
Iteration:8, timeTaken:7.0 Source:S1
Iteration:9, timeTaken:4.2 Source:S2
2017-12-22 16:26:29.315150
Iteration:0, timeTaken:11.4 Source:S1
Iteration:1, timeTaken:19.8 Source:S2
Iteration:2, timeTaken:14.4 Source:S1
Iteration:3, timeTaken:1.0 Source:S2
Iteration:4, timeTaken:16.4 Source:S1
Iteration:5, timeTaken:10.4 Source:S2
Iteration:6, timeTaken:-0.2 Source:S1
Iteration:7, timeTaken:-0.2 Source:S2
Iteration:8, timeTaken:-0.2 Source:S1
Iteration:9, timeTaken:-0.2 Source:S2
Iteration:10, timeTaken:-0.2 Source:S1
Iteration:11, timeTaken:-0.2 Source:S2
Iteration:12, timeTaken:-0.2 Source:S1
2017-12-22 17:08:42.516070
Iteration:0, timeTaken:9.6 Source:S1
Iteration:1, timeTaken:4.8 Source:S2
Iteration:2, timeTaken:6.0 Source:S1
Iteration:3, timeTaken:10.6 Source:S2
Iteration:4, timeTaken:7.2 Source:S1
Iteration:5, timeTaken:9.4 Source:S2
Iteration:6, timeTaken:6.0 Source:S1
Iteration:7, timeTaken:11.6 Source:S2
Iteration:8, timeTaken:7.2 Source:S1
Iteration:9, timeTaken:10.4 Source:S2
Iteration:10, timeTaken:7.2 Source:S1
Iteration:11, timeTaken:11.6 Source:S2
Iteration:12, timeTaken:10.2 Source:S1
Iteration:13, timeTaken:8.6 Source:S2
Iteration:14, timeTaken:3.8 Source:S1
Iteration:15, timeTaken:5.0 Source:S2
Iteration:16, timeTaken:3.6 Source:S1
Iteration:17, timeTaken:9.8 Source:S2
Iteration:18, timeTaken:9.4 Source:S1
